2025-03-13T11:27:54.158Z - info: Website generation started at 7:27:54 pm
2025-03-13T11:27:55.378Z - info: Building assets...
2025-03-13T11:27:56.153Z - info: Assets built
2025-03-13T11:27:56.154Z - info: Generating pages...
2025-03-13T11:28:05.669Z - debug:  
2025-03-13T11:28:05.670Z - debug:  
2025-03-13T11:28:05.670Z - debug:  
2025-03-13T11:28:05.670Z - debug:  
2025-03-13T11:28:05.672Z - debug:  
2025-03-13T11:28:05.672Z - debug:  
2025-03-13T11:28:05.672Z - debug:  
2025-03-13T11:28:05.672Z - debug:  
2025-03-13T11:28:05.672Z - debug:  
2025-03-13T11:28:05.673Z - debug:  
2025-03-13T11:28:05.673Z - debug:  
2025-03-13T11:28:05.673Z - debug:  
2025-03-13T11:28:05.673Z - debug:  
2025-03-13T11:28:05.673Z - debug:  
2025-03-13T11:28:05.673Z - debug:  
2025-03-13T11:28:09.520Z - debug:  
2025-03-13T11:28:09.520Z - debug:  
2025-03-13T11:28:29.791Z - debug:  
2025-03-13T11:30:06.220Z - debug:  
2025-03-13T11:30:23.632Z - debug:  
2025-03-13T11:30:23.726Z - debug:  
2025-03-13T11:30:37.368Z - info: Pages built
2025-03-13T11:30:37.608Z - info: Site data built
2025-03-13T11:30:37.608Z - info: Website generation complete! Total build time: 163.558s
2025-03-13T11:30:37.636Z - info: Serving "C:\Users\Ger Teck\dev\cs2103-website\_site" at http://127.0.0.1:8080
2025-03-13T11:30:37.636Z - info: Press CTRL+C to stop ...
2025-03-13T11:32:29.608Z - info: [7:32:29 pm] Reload for file change: C:\Users\Ger Teck\dev\cs2103-website\site.json
2025-03-13T11:32:31.493Z - info: Pages or site config modified, updating pages...
2025-03-13T11:32:32.941Z - warn: Rebuilding all pages...
2025-03-13T11:32:32.941Z - info: Generating pages...
2025-03-13T11:32:46.421Z - info: [7:32:46 pm] Reload for file change: C:\Users\Ger Teck\dev\cs2103-website\site.json
2025-03-13T11:32:48.264Z - info: Pages or site config modified, updating pages...
2025-03-13T11:32:49.820Z - warn: Rebuilding all pages...
2025-03-13T11:32:49.820Z - info: Generating pages...
2025-03-13T11:35:47.921Z - info: Website generation started at 7:35:47 pm
2025-03-13T11:35:48.892Z - info: Building assets...
