2025-03-19T19:01:26.475Z - info: Website generation started at 3:01:17 am
2025-03-19T19:01:28.770Z - warn: ENOENT: no such file or directory, open 'C:\Users\Ger Teck\dev\cs2103-website\node_modules\.cache\gh-pages\https!github.com!gerteck!cs2103-website.git\book\_markbind\variables.md'
2025-03-19T19:01:28.771Z - warn: ENOENT: no such file or directory, open 'C:\Users\Ger Teck\dev\cs2103-website\node_modules\.cache\gh-pages\https!github.com!gerteck!cs2103-website.git\_markbind\variables.md'
2025-03-19T19:01:28.826Z - info: Building assets...
2025-03-19T19:01:41.152Z - info: Assets built
2025-03-19T19:01:41.152Z - info: Generating pages...
2025-03-19T19:01:58.088Z - debug:  
2025-03-19T19:01:58.088Z - debug:  
2025-03-19T19:01:58.089Z - debug:  
2025-03-19T19:01:58.089Z - debug:  
2025-03-19T19:01:58.089Z - debug:  
2025-03-19T19:01:58.089Z - debug:  
2025-03-19T19:01:58.089Z - debug:  
2025-03-19T19:01:58.089Z - debug:  
2025-03-19T19:01:58.089Z - debug:  
2025-03-19T19:01:58.090Z - debug:  
2025-03-19T19:01:58.091Z - debug:  
2025-03-19T19:01:58.091Z - debug:  
2025-03-19T19:01:58.091Z - debug:  
2025-03-19T19:01:58.091Z - debug:  
2025-03-19T19:01:58.091Z - debug:  
2025-03-19T19:01:58.091Z - debug:  
2025-03-19T19:01:58.091Z - debug:  
2025-03-19T19:02:20.842Z - debug:  
2025-03-19T19:03:57.340Z - debug:  
2025-03-19T19:04:14.460Z - debug:  
2025-03-19T19:04:14.478Z - debug:  
2025-03-19T19:04:27.751Z - info: Pages built
2025-03-19T19:04:27.898Z - info: Site data built
2025-03-19T19:04:27.898Z - info: Website generation complete! Total build time: 190.102s
2025-03-19T19:04:27.899Z - info: Build success!
2025-03-19T19:05:17.098Z - info: The website has been deployed at: https://gerteck.github.io/cs2103-website
