2025-03-17T17:31:20.696Z - info: Website generation started at 1:31:12 am
2025-03-17T17:31:34.881Z - warn: ENOENT: no such file or directory, open 'C:\Users\Ger Teck\dev\cs2103-website\node_modules\.cache\gh-pages\https!github.com!gerteck!cs2103-website.git\book\_markbind\variables.md'
2025-03-17T17:31:34.882Z - warn: ENOENT: no such file or directory, open 'C:\Users\Ger Teck\dev\cs2103-website\node_modules\.cache\gh-pages\https!github.com!gerteck!cs2103-website.git\_markbind\variables.md'
2025-03-17T17:31:34.949Z - info: Building assets...
2025-03-17T17:31:42.608Z - info: Assets built
2025-03-17T17:31:42.609Z - info: Generating pages...
2025-03-17T17:31:57.361Z - debug:  
2025-03-17T17:31:57.362Z - debug:  
2025-03-17T17:31:57.362Z - debug:  
2025-03-17T17:31:57.362Z - debug:  
2025-03-17T17:31:57.362Z - debug:  
2025-03-17T17:31:57.362Z - debug:  
2025-03-17T17:31:57.364Z - debug:  
2025-03-17T17:31:57.364Z - debug:  
2025-03-17T17:31:57.364Z - debug:  
2025-03-17T17:31:57.364Z - debug:  
2025-03-17T17:31:57.364Z - debug:  
2025-03-17T17:31:57.364Z - debug:  
2025-03-17T17:31:57.364Z - debug:  
2025-03-17T17:31:57.364Z - debug:  
2025-03-17T17:31:57.365Z - debug:  
2025-03-17T17:31:57.380Z - debug:  
2025-03-17T17:32:00.957Z - debug:  
2025-03-17T17:32:26.000Z - debug:  
2025-03-17T17:34:12.185Z - debug:  
2025-03-17T17:34:29.891Z - debug:  
2025-03-17T17:34:29.969Z - debug:  
2025-03-17T17:34:44.479Z - info: Pages built
2025-03-17T17:34:44.639Z - info: Site data built
2025-03-17T17:34:44.639Z - info: Website generation complete! Total build time: 212.2s
2025-03-17T17:34:44.640Z - info: Build success!
2025-03-17T17:35:41.166Z - info: The website has been deployed at: https://gerteck.github.io/cs2103-website
2025-03-17T17:42:13.143Z - info: Website generation (lazy) started at 1:42:03 am
2025-03-17T17:42:14.954Z - warn: ENOENT: no such file or directory, open 'C:\Users\Ger Teck\dev\cs2103-website\node_modules\.cache\gh-pages\https!github.com!gerteck!cs2103-website.git\book\_markbind\variables.md'
2025-03-17T17:42:14.955Z - warn: ENOENT: no such file or directory, open 'C:\Users\Ger Teck\dev\cs2103-website\node_modules\.cache\gh-pages\https!github.com!gerteck!cs2103-website.git\_markbind\variables.md'
2025-03-17T17:42:15.023Z - info: Building assets...
2025-03-17T17:42:30.005Z - info: Assets built
2025-03-17T17:42:30.006Z - info: Generating landing page...
2025-03-17T17:42:31.654Z - info: Landing page built, other pages will be built as you navigate to them!
2025-03-17T17:42:31.906Z - info: Site data built
2025-03-17T17:42:31.906Z - info: Website generation (lazy) complete! Total build time: 28.771s
2025-03-17T17:42:31.944Z - info: Serving "C:\Users\Ger Teck\dev\cs2103-website\_site" at http://127.0.0.1:8080
2025-03-17T17:42:31.944Z - info: Press CTRL+C to stop ...
2025-03-17T17:42:37.167Z - info: Building C:\Users\Ger Teck\dev\cs2103-website\schedule\week8\index as some of its dependencies were changed since the last visit
2025-03-17T17:42:37.765Z - info: Site data built
2025-03-17T17:42:37.765Z - info: Lazy website regeneration complete! Total build time: 0.599s
2025-03-17T17:42:41.447Z - info: Building C:\Users\Ger Teck\dev\cs2103-website\schedule\week9\index as some of its dependencies were changed since the last visit
2025-03-17T17:42:42.162Z - info: Site data built
2025-03-17T17:42:42.162Z - info: Lazy website regeneration complete! Total build time: 0.716s
2025-03-17T17:42:44.791Z - info: Building C:\Users\Ger Teck\dev\cs2103-website\schedule\week9\topics as some of its dependencies were changed since the last visit
2025-03-17T17:42:46.936Z - debug:  
2025-03-17T17:42:47.305Z - debug:  
2025-03-17T17:42:47.506Z - info: Site data built
2025-03-17T17:42:47.506Z - info: Lazy website regeneration complete! Total build time: 2.716s
2025-03-17T17:45:40.966Z - info: Changes detected in MarkBind Vue Source Files:
Bundle is regenerated by webpack and built pages are re-rendered with the latest bundle.
2025-03-17T17:45:41.128Z - info: Website generation (lazy) started at 1:45:41 am
2025-03-17T17:45:42.676Z - warn: ENOENT: no such file or directory, open 'C:\Users\Ger Teck\dev\cs2103-website\node_modules\.cache\gh-pages\https!github.com!gerteck!cs2103-website.git\book\_markbind\variables.md'
2025-03-17T17:45:42.676Z - warn: ENOENT: no such file or directory, open 'C:\Users\Ger Teck\dev\cs2103-website\node_modules\.cache\gh-pages\https!github.com!gerteck!cs2103-website.git\_markbind\variables.md'
2025-03-17T17:45:42.746Z - info: Building assets...
2025-03-17T17:45:53.365Z - info: Assets built
2025-03-17T17:45:53.366Z - info: Generating landing page...
2025-03-17T17:45:54.461Z - info: Landing page built, other pages will be built as you navigate to them!
2025-03-17T17:45:56.018Z - info: Site data built
2025-03-17T17:45:56.018Z - info: Website generation (lazy) complete! Total build time: 14.905s
2025-03-17T17:45:56.041Z - info: Serving "C:\Users\Ger Teck\dev\cs2103-website\_site" at http://127.0.0.1:8080
2025-03-17T17:45:56.042Z - info: Press CTRL+C to stop ...
2025-03-17T17:46:04.773Z - info: Building C:\Users\Ger Teck\dev\cs2103-website\schedule\week8\topics as some of its dependencies were changed since the last visit
2025-03-17T17:46:09.236Z - debug:  
2025-03-17T17:46:09.238Z - debug:  
2025-03-17T17:46:09.238Z - debug:  
2025-03-17T17:46:09.239Z - debug:  
2025-03-17T17:46:09.239Z - debug:  
2025-03-17T17:46:09.240Z - debug:  
2025-03-17T17:46:09.240Z - debug:  
2025-03-17T17:46:09.241Z - debug:  
2025-03-17T17:46:09.241Z - debug:  
2025-03-17T17:46:09.586Z - debug:  
2025-03-17T17:46:09.588Z - debug:  
2025-03-17T17:46:10.865Z - debug:  
2025-03-17T17:46:10.866Z - debug:  
2025-03-17T17:46:10.866Z - debug:  
2025-03-17T17:46:10.868Z - debug:  
2025-03-17T17:46:11.094Z - info: Site data built
2025-03-17T17:46:11.094Z - info: Lazy website regeneration complete! Total build time: 6.321s
2025-03-17T17:46:39.412Z - info: Building C:\Users\Ger Teck\dev\cs2103-website\schedule\week9\index as some of its dependencies were changed since the last visit
2025-03-17T17:46:40.167Z - info: Site data built
2025-03-17T17:46:40.167Z - info: Lazy website regeneration complete! Total build time: 0.756s
2025-03-17T17:46:42.963Z - info: Building C:\Users\Ger Teck\dev\cs2103-website\schedule\week9\topics as some of its dependencies were changed since the last visit
2025-03-17T17:46:44.814Z - debug:  
2025-03-17T17:46:45.168Z - debug:  
2025-03-17T17:46:45.391Z - info: Site data built
2025-03-17T17:46:45.391Z - info: Lazy website regeneration complete! Total build time: 2.428s
