2025-04-13T07:51:39.411Z - info: Changes detected in MarkBind Vue Source Files:
Bundle is regenerated by webpack and built pages are re-rendered with the latest bundle.
2025-04-13T07:51:50.788Z - info: Website generation (lazy) started at 3:51:39 pm
2025-04-13T07:51:54.750Z - warn: ENOENT: no such file or directory, open 'C:\Users\Ger Teck\dev\cs2103-website\node_modules\.cache\gh-pages\https!github.com!gerteck!cs2103-website.git\book\_markbind\variables.md'
2025-04-13T07:51:54.751Z - warn: ENOENT: no such file or directory, open 'C:\Users\Ger Teck\dev\cs2103-website\node_modules\.cache\gh-pages\https!github.com!gerteck!cs2103-website.git\_markbind\variables.md'
2025-04-13T07:51:54.837Z - info: Building assets...
2025-04-13T07:52:05.419Z - info: Assets built
2025-04-13T07:52:05.420Z - info: Generating landing page...
2025-04-13T07:52:07.332Z - info: Landing page built, other pages will be built as you navigate to them!
2025-04-13T07:52:09.750Z - info: Site data built
2025-04-13T07:52:09.751Z - info: Website generation (lazy) complete! Total build time: 30.12s
2025-04-13T07:52:09.787Z - info: Serving "C:\Users\Ger Teck\dev\cs2103-website\_site" at http://127.0.0.1:8080
2025-04-13T07:52:09.788Z - info: Press CTRL+C to stop ...
2025-04-13T07:52:45.853Z - info: Building C:\Users\Ger Teck\dev\cs2103-website\admin\ip-w2 as some of its dependencies were changed since the last visit
2025-04-13T07:52:48.524Z - info: Site data built
2025-04-13T07:52:48.525Z - info: Lazy website regeneration complete! Total build time: 2.672s
2025-04-13T07:53:00.795Z - info: Building C:\Users\Ger Teck\dev\cs2103-website\schedule\week2\project as some of its dependencies were changed since the last visit
2025-04-13T07:53:02.570Z - info: Site data built
2025-04-13T07:53:02.570Z - info: Lazy website regeneration complete! Total build time: 1.775s
2025-04-13T07:54:16.756Z - info: Building C:\Users\Ger Teck\dev\cs2103-website\se-book-adapted\index as some of its dependencies were changed since the last visit
2025-04-13T07:54:17.068Z - info: Site data built
2025-04-13T07:54:17.069Z - info: Lazy website regeneration complete! Total build time: 0.313s
2025-04-13T07:55:15.292Z - info: Website generation started at 3:55:12 pm
2025-04-13T07:55:16.775Z - warn: ENOENT: no such file or directory, open 'C:\Users\Ger Teck\dev\cs2103-website\node_modules\.cache\gh-pages\https!github.com!gerteck!cs2103-website.git\book\_markbind\variables.md'
2025-04-13T07:55:16.776Z - warn: ENOENT: no such file or directory, open 'C:\Users\Ger Teck\dev\cs2103-website\node_modules\.cache\gh-pages\https!github.com!gerteck!cs2103-website.git\_markbind\variables.md'
2025-04-13T07:55:16.823Z - info: Building assets...
