2025-03-29T03:20:49.743Z - info: Changes detected in MarkBind Vue Source Files:
Bundle is regenerated by webpack and built pages are re-rendered with the latest bundle.
2025-03-29T03:20:53.997Z - info: Website generation (lazy) started at 11:20:50 am
2025-03-29T03:20:57.502Z - warn: ENOENT: no such file or directory, open 'C:\Users\chang\dev\cs2103-website\node_modules\.cache\gh-pages\https!github.com!gerteck!cs2103-website.git\book\_markbind\variables.md'
2025-03-29T03:20:57.503Z - warn: ENOENT: no such file or directory, open 'C:\Users\chang\dev\cs2103-website\node_modules\.cache\gh-pages\https!github.com!gerteck!cs2103-website.git\_markbind\variables.md'
2025-03-29T03:20:57.591Z - info: Building assets...
2025-03-29T03:21:11.554Z - info: Assets built
2025-03-29T03:21:11.556Z - info: Generating landing page...
2025-03-29T03:21:15.178Z - info: Landing page built, other pages will be built as you navigate to them!
2025-03-29T03:21:19.990Z - info: Site data built
2025-03-29T03:21:19.992Z - info: Website generation (lazy) complete! Total build time: 29.953s
2025-03-29T03:21:20.082Z - info: Serving "C:\Users\chang\dev\cs2103-website\_site" at http://127.0.0.1:8080
2025-03-29T03:21:20.082Z - info: Press CTRL+C to stop ...
2025-03-29T03:22:47.526Z - info: Building C:\Users\chang\dev\cs2103-website\schedule\week8\topics as some of its dependencies were changed since the last visit
2025-03-29T03:22:54.614Z - debug:  
2025-03-29T03:22:54.642Z - debug:  
2025-03-29T03:22:54.674Z - debug:  
2025-03-29T03:22:54.685Z - debug:  
2025-03-29T03:22:54.692Z - debug:  
2025-03-29T03:22:54.693Z - debug:  
2025-03-29T03:22:55.450Z - debug:  
2025-03-29T03:22:55.452Z - debug:  
2025-03-29T03:22:55.453Z - debug:  
2025-03-29T03:22:59.359Z - debug:  
2025-03-29T03:22:59.381Z - debug:  
2025-03-29T03:22:59.405Z - debug:  
2025-03-29T03:22:59.409Z - debug:  
2025-03-29T03:22:59.416Z - debug:  
2025-03-29T03:22:59.417Z - debug:  
2025-03-29T03:23:00.389Z - info: Site data built
2025-03-29T03:23:00.391Z - info: Lazy website regeneration complete! Total build time: 12.866s
2025-03-29T03:25:01.315Z - info: Building C:\Users\chang\dev\cs2103-website\schedule\week9\index as some of its dependencies were changed since the last visit
2025-03-29T03:25:03.501Z - info: Site data built
2025-03-29T03:25:03.501Z - info: Lazy website regeneration complete! Total build time: 2.187s
2025-03-29T03:25:06.665Z - info: Building C:\Users\chang\dev\cs2103-website\schedule\week9\topics as some of its dependencies were changed since the last visit
2025-03-29T03:25:12.483Z - debug:  
2025-03-29T03:25:13.205Z - debug:  
2025-03-29T03:25:13.850Z - info: Site data built
2025-03-29T03:25:13.851Z - info: Lazy website regeneration complete! Total build time: 7.187s
2025-03-29T03:25:58.034Z - info: Building C:\Users\chang\dev\cs2103-website\schedule\week10\index as some of its dependencies were changed since the last visit
2025-03-29T03:26:00.693Z - info: Site data built
2025-03-29T03:26:00.694Z - info: Lazy website regeneration complete! Total build time: 2.66s
2025-03-29T03:26:03.744Z - info: Building C:\Users\chang\dev\cs2103-website\schedule\week10\topics as some of its dependencies were changed since the last visit
2025-03-29T03:26:08.521Z - debug:  
2025-03-29T03:26:08.874Z - info: Site data built
2025-03-29T03:26:08.876Z - info: Lazy website regeneration complete! Total build time: 5.133s
2025-03-29T03:47:34.672Z - info: Changes detected in MarkBind Vue Source Files:
Bundle is regenerated by webpack and built pages are re-rendered with the latest bundle.
2025-03-29T03:50:17.680Z - info: [11:50:17 am] Reload for file change: C:\Users\chang\dev\cs2103-website\book\designPatterns\command\what\text.md
2025-03-29T03:50:17.681Z - info: Synchronizing opened pages list before reload
2025-03-29T03:50:17.682Z - info: Current opened pages, from most-to-least recent:
2025-03-29T03:50:17.683Z - info: 1. schedule/week10/topics
2025-03-29T03:50:18.702Z - info: Rebuilding 1 pages
2025-03-29T03:50:22.119Z - info: Site data built
2025-03-29T03:50:22.120Z - info: Pages rebuilt
2025-03-29T03:50:22.120Z - info: Website regeneration complete! Total build time: 3.423s
2025-03-29T03:51:08.418Z - info: [11:51:08 am] Reload for file change: C:\Users\chang\dev\cs2103-website\book\designPatterns\command\what\text.md
2025-03-29T03:51:08.419Z - info: Synchronizing opened pages list before reload
2025-03-29T03:51:08.421Z - info: Current opened pages, from most-to-least recent:
2025-03-29T03:51:08.422Z - info: 1. schedule/week10/topics
2025-03-29T03:51:09.433Z - info: Rebuilding 1 pages
2025-03-29T03:51:11.140Z - info: Site data built
2025-03-29T03:51:11.141Z - info: Pages rebuilt
2025-03-29T03:51:11.141Z - info: Website regeneration complete! Total build time: 1.712s
2025-03-29T03:51:39.767Z - info: [11:51:39 am] Reload for file change: C:\Users\chang\dev\cs2103-website\book\designPatterns\command\what\text.md
2025-03-29T03:51:39.769Z - info: Synchronizing opened pages list before reload
2025-03-29T03:51:39.771Z - info: Current opened pages, from most-to-least recent:
2025-03-29T03:51:39.772Z - info: 1. schedule/week10/topics
2025-03-29T03:51:40.795Z - info: Rebuilding 1 pages
2025-03-29T03:51:42.515Z - info: Site data built
2025-03-29T03:51:42.516Z - info: Pages rebuilt
2025-03-29T03:51:42.516Z - info: Website regeneration complete! Total build time: 1.725s
2025-03-29T03:51:50.942Z - info: [11:51:50 am] Reload for file change: C:\Users\chang\dev\cs2103-website\book\designPatterns\command\what\text.md
2025-03-29T03:51:50.942Z - info: Synchronizing opened pages list before reload
2025-03-29T03:51:50.943Z - info: Current opened pages, from most-to-least recent:
2025-03-29T03:51:50.944Z - info: 1. schedule/week10/topics
2025-03-29T03:51:51.949Z - info: Rebuilding 1 pages
2025-03-29T03:51:53.384Z - info: Site data built
2025-03-29T03:51:53.385Z - info: Pages rebuilt
2025-03-29T03:51:53.385Z - info: Website regeneration complete! Total build time: 1.439s
2025-03-29T07:58:37.454Z - info: Changes detected in MarkBind Vue Source Files:
Bundle is regenerated by webpack and built pages are re-rendered with the latest bundle.
2025-03-29T07:58:42.328Z - info: Website generation (lazy) started at 3:58:37 pm
2025-03-29T07:58:45.983Z - warn: ENOENT: no such file or directory, open 'C:\Users\chang\dev\cs2103-website\node_modules\.cache\gh-pages\https!github.com!gerteck!cs2103-website.git\book\_markbind\variables.md'
2025-03-29T07:58:45.984Z - warn: ENOENT: no such file or directory, open 'C:\Users\chang\dev\cs2103-website\node_modules\.cache\gh-pages\https!github.com!gerteck!cs2103-website.git\_markbind\variables.md'
2025-03-29T07:58:46.111Z - info: Building assets...
2025-03-29T07:58:57.153Z - info: Assets built
2025-03-29T07:58:57.156Z - info: Generating landing page...
2025-03-29T07:59:00.902Z - info: Landing page built, other pages will be built as you navigate to them!
2025-03-29T07:59:05.092Z - info: Site data built
2025-03-29T07:59:05.094Z - info: Website generation (lazy) complete! Total build time: 27.432s
2025-03-29T07:59:05.168Z - info: Serving "C:\Users\chang\dev\cs2103-website\_site" at http://127.0.0.1:8080
2025-03-29T07:59:05.169Z - info: Press CTRL+C to stop ...
2025-03-29T07:59:29.082Z - info: Building C:\Users\chang\dev\cs2103-website\schedule\week9\index as some of its dependencies were changed since the last visit
2025-03-29T07:59:30.937Z - info: Site data built
2025-03-29T07:59:30.938Z - info: Lazy website regeneration complete! Total build time: 1.857s
2025-03-29T07:59:32.939Z - info: Building C:\Users\chang\dev\cs2103-website\schedule\week10\index as some of its dependencies were changed since the last visit
2025-03-29T07:59:34.854Z - info: Site data built
2025-03-29T07:59:34.854Z - info: Lazy website regeneration complete! Total build time: 1.917s
2025-03-29T07:59:37.405Z - info: Building C:\Users\chang\dev\cs2103-website\schedule\week10\topics as some of its dependencies were changed since the last visit
2025-03-29T07:59:42.926Z - debug:  
2025-03-29T07:59:43.312Z - info: Site data built
2025-03-29T07:59:43.313Z - info: Lazy website regeneration complete! Total build time: 5.909s
2025-03-29T08:07:04.389Z - info: Changes detected in MarkBind Vue Source Files:
Bundle is regenerated by webpack and built pages are re-rendered with the latest bundle.
2025-03-29T08:08:13.057Z - info: Changes detected in MarkBind Vue Source Files:
Bundle is regenerated by webpack and built pages are re-rendered with the latest bundle.
2025-03-29T08:20:48.096Z - info: Changes detected in MarkBind Vue Source Files:
Bundle is regenerated by webpack and built pages are re-rendered with the latest bundle.
2025-03-29T08:20:55.860Z - info: Changes detected in MarkBind Vue Source Files:
Bundle is regenerated by webpack and built pages are re-rendered with the latest bundle.
2025-03-29T09:33:38.604Z - info: Website generation started at 5:33:36 pm
2025-03-29T09:33:40.163Z - warn: ENOENT: no such file or directory, open 'C:\Users\chang\dev\cs2103-website\node_modules\.cache\gh-pages\https!github.com!gerteck!cs2103-website.git\book\_markbind\variables.md'
2025-03-29T09:33:40.164Z - warn: ENOENT: no such file or directory, open 'C:\Users\chang\dev\cs2103-website\node_modules\.cache\gh-pages\https!github.com!gerteck!cs2103-website.git\_markbind\variables.md'
2025-03-29T09:33:40.242Z - info: Building assets...
2025-03-29T09:33:46.539Z - info: Assets built
2025-03-29T09:33:46.540Z - info: Generating pages...
2025-03-29T09:34:15.646Z - debug:  
2025-03-29T09:34:15.648Z - debug:  
2025-03-29T09:34:15.648Z - debug:  
2025-03-29T09:34:15.648Z - debug:  
2025-03-29T09:34:15.649Z - debug:  
2025-03-29T09:34:15.649Z - debug:  
2025-03-29T09:34:15.649Z - debug:  
2025-03-29T09:34:15.650Z - debug:  
2025-03-29T09:34:15.650Z - debug:  
2025-03-29T09:34:15.650Z - debug:  
2025-03-29T09:34:15.650Z - debug:  
2025-03-29T09:34:15.650Z - debug:  
2025-03-29T09:34:15.650Z - debug:  
2025-03-29T09:34:15.651Z - debug:  
2025-03-29T09:34:15.651Z - debug:  
2025-03-29T09:34:19.598Z - debug:  
2025-03-29T09:34:19.598Z - debug:  
2025-03-29T09:35:07.628Z - debug:  
2025-03-29T09:38:58.872Z - debug:  
2025-03-29T09:39:44.353Z - debug:  
2025-03-29T09:39:44.558Z - debug:  
2025-03-29T09:40:21.431Z - info: Pages built
2025-03-29T09:40:22.293Z - info: Site data built
2025-03-29T09:40:22.296Z - info: Website generation complete! Total build time: 405.576s
2025-03-29T09:40:22.298Z - info: Build success!
2025-03-29T09:45:10.867Z - info: The website has been deployed at: https://gerteck.github.io/cs2103-website
