2025-03-24T05:00:21.448Z - info: Website generation started at 1:00:18 pm
2025-03-24T05:00:23.409Z - warn: ENOENT: no such file or directory, open 'C:\Users\chang\dev\cs2103-website\node_modules\.cache\gh-pages\https!github.com!gerteck!cs2103-website.git\book\_markbind\variables.md'
2025-03-24T05:00:23.411Z - warn: ENOENT: no such file or directory, open 'C:\Users\chang\dev\cs2103-website\node_modules\.cache\gh-pages\https!github.com!gerteck!cs2103-website.git\_markbind\variables.md'
2025-03-24T05:00:23.527Z - info: Building assets...
2025-03-24T05:00:30.233Z - info: Assets built
2025-03-24T05:00:30.235Z - info: Generating pages...
2025-03-24T05:00:48.419Z - debug:  
2025-03-24T05:00:48.422Z - debug:  
2025-03-24T05:00:48.422Z - debug:  
2025-03-24T05:00:48.422Z - debug:  
2025-03-24T05:00:48.423Z - debug:  
2025-03-24T05:00:48.423Z - debug:  
2025-03-24T05:00:48.423Z - debug:  
2025-03-24T05:00:48.424Z - debug:  
2025-03-24T05:00:48.424Z - debug:  
2025-03-24T05:00:48.424Z - debug:  
2025-03-24T05:00:48.424Z - debug:  
2025-03-24T05:00:48.424Z - debug:  
2025-03-24T05:00:48.424Z - debug:  
2025-03-24T05:00:48.424Z - debug:  
2025-03-24T05:00:48.425Z - debug:  
2025-03-24T05:00:52.177Z - debug:  
2025-03-24T05:00:52.177Z - debug:  
2025-03-24T05:01:32.059Z - debug:  
2025-03-24T05:04:07.283Z - debug:  
2025-03-24T05:04:34.116Z - debug:  
2025-03-24T05:04:34.158Z - debug:  
2025-03-24T05:04:54.479Z - info: Pages built
2025-03-24T05:04:54.737Z - info: Site data built
2025-03-24T05:04:54.737Z - info: Website generation complete! Total build time: 275.872s
2025-03-24T05:04:54.737Z - info: Build success!
2025-03-24T05:06:00.688Z - info: The website has been deployed at: https://gerteck.github.io/cs2103-website
2025-03-24T05:14:22.169Z - info: Website generation started at 1:14:20 pm
2025-03-24T05:14:23.345Z - warn: ENOENT: no such file or directory, open 'C:\Users\chang\dev\cs2103-website\node_modules\.cache\gh-pages\https!github.com!gerteck!cs2103-website.git\book\_markbind\variables.md'
2025-03-24T05:14:23.346Z - warn: ENOENT: no such file or directory, open 'C:\Users\chang\dev\cs2103-website\node_modules\.cache\gh-pages\https!github.com!gerteck!cs2103-website.git\_markbind\variables.md'
2025-03-24T05:14:23.454Z - info: Building assets...
