2025-03-16T09:39:11.810Z - info: Website generation started at 5:39:04 pm
2025-03-16T09:39:18.318Z - warn: ENOENT: no such file or directory, open 'C:\Users\Ger Teck\dev\cs2103-website\node_modules\.cache\gh-pages\https!github.com!gerteck!cs2103-website.git\book\_markbind\variables.md'
2025-03-16T09:39:18.319Z - warn: ENOENT: no such file or directory, open 'C:\Users\Ger Teck\dev\cs2103-website\node_modules\.cache\gh-pages\https!github.com!gerteck!cs2103-website.git\_markbind\variables.md'
2025-03-16T09:39:18.394Z - info: Building assets...
2025-03-16T09:39:27.665Z - info: Assets built
2025-03-16T09:39:27.666Z - info: Generating pages...
2025-03-16T09:39:41.609Z - debug:  
2025-03-16T09:39:41.610Z - debug:  
2025-03-16T09:39:41.611Z - debug:  
2025-03-16T09:39:41.611Z - debug:  
2025-03-16T09:39:41.611Z - debug:  
2025-03-16T09:39:41.611Z - debug:  
2025-03-16T09:39:41.611Z - debug:  
2025-03-16T09:39:41.612Z - debug:  
2025-03-16T09:39:41.612Z - debug:  
2025-03-16T09:39:41.612Z - debug:  
2025-03-16T09:39:41.615Z - debug:  
2025-03-16T09:39:41.616Z - debug:  
2025-03-16T09:39:41.616Z - debug:  
2025-03-16T09:39:41.689Z - debug:  
2025-03-16T09:39:45.312Z - debug:  
2025-03-16T09:39:45.316Z - debug:  
2025-03-16T09:39:45.316Z - debug:  
2025-03-16T09:40:09.503Z - debug:  
2025-03-16T09:41:47.891Z - debug:  
2025-03-16T09:42:10.075Z - debug:  
2025-03-16T09:42:10.204Z - debug:  
2025-03-16T09:42:24.373Z - info: Pages built
2025-03-16T09:42:24.503Z - info: Site data built
2025-03-16T09:42:24.503Z - info: Website generation complete! Total build time: 199.605s
2025-03-16T09:42:24.503Z - info: Build success!
2025-03-16T09:43:26.092Z - info: The website has been deployed at: https://gerteck.github.io/cs2103-website
