2025-03-22T05:38:44.113Z - info: Website generation started at 1:38:40 pm
2025-03-22T05:38:48.616Z - warn: ENOENT: no such file or directory, open 'C:\Users\chang\dev\cs2103-website\node_modules\.cache\gh-pages\https!github.com!gerteck!cs2103-website.git\book\_markbind\variables.md'
2025-03-22T05:38:48.617Z - warn: ENOENT: no such file or directory, open 'C:\Users\chang\dev\cs2103-website\node_modules\.cache\gh-pages\https!github.com!gerteck!cs2103-website.git\_markbind\variables.md'
2025-03-22T05:38:48.833Z - info: Building assets...
2025-03-22T05:39:08.672Z - info: Assets built
2025-03-22T05:39:08.675Z - info: Generating pages...
2025-03-22T05:39:45.118Z - debug:  
2025-03-22T05:39:45.120Z - debug:  
2025-03-22T05:39:45.121Z - debug:  
2025-03-22T05:39:45.121Z - debug:  
2025-03-22T05:39:45.122Z - debug:  
2025-03-22T05:39:45.122Z - debug:  
2025-03-22T05:39:45.123Z - debug:  
2025-03-22T05:39:45.123Z - debug:  
2025-03-22T05:39:45.124Z - debug:  
2025-03-22T05:39:45.124Z - debug:  
2025-03-22T05:39:45.124Z - debug:  
2025-03-22T05:39:45.125Z - debug:  
2025-03-22T05:39:45.125Z - debug:  
2025-03-22T05:39:45.125Z - debug:  
2025-03-22T05:39:45.125Z - debug:  
2025-03-22T05:39:52.442Z - debug:  
2025-03-22T05:39:52.444Z - debug:  
2025-03-22T05:41:11.878Z - debug:  
2025-03-22T05:46:50.552Z - debug:  
2025-03-22T05:47:49.278Z - debug:  
2025-03-22T05:47:49.282Z - debug:  
2025-03-22T05:48:27.534Z - info: Pages built
2025-03-22T05:48:28.038Z - info: Site data built
2025-03-22T05:48:28.039Z - info: Website generation complete! Total build time: 587.911s
2025-03-22T05:48:28.040Z - info: Build success!
2025-03-22T05:49:33.650Z - info: The website has been deployed at: https://gerteck.github.io/cs2103-website
2025-03-22T07:55:30.350Z - info: Changes detected in MarkBind Vue Source Files:
Bundle is regenerated by webpack and built pages are re-rendered with the latest bundle.
2025-03-22T07:55:34.084Z - info: Website generation (lazy) started at 3:55:30 pm
2025-03-22T07:55:36.511Z - warn: ENOENT: no such file or directory, open 'C:\Users\chang\dev\cs2103-website\node_modules\.cache\gh-pages\https!github.com!gerteck!cs2103-website.git\book\_markbind\variables.md'
2025-03-22T07:55:36.513Z - warn: ENOENT: no such file or directory, open 'C:\Users\chang\dev\cs2103-website\node_modules\.cache\gh-pages\https!github.com!gerteck!cs2103-website.git\_markbind\variables.md'
2025-03-22T07:55:36.663Z - info: Building assets...
2025-03-22T07:55:44.798Z - info: Assets built
2025-03-22T07:55:44.799Z - info: Generating landing page...
2025-03-22T07:55:45.934Z - info: Landing page built, other pages will be built as you navigate to them!
2025-03-22T07:55:49.825Z - info: Site data built
2025-03-22T07:55:49.826Z - info: Website generation (lazy) complete! Total build time: 19.142s
2025-03-22T07:55:49.862Z - info: Serving "C:\Users\chang\dev\cs2103-website\_site" at http://127.0.0.1:8080
2025-03-22T07:55:49.863Z - info: Press CTRL+C to stop ...
2025-03-22T07:56:03.946Z - info: Building C:\Users\chang\dev\cs2103-website\se-book-adapted\index as some of its dependencies were changed since the last visit
2025-03-22T07:56:04.661Z - info: Site data built
2025-03-22T07:56:04.663Z - info: Lazy website regeneration complete! Total build time: 0.717s
2025-03-22T07:56:10.746Z - info: Building C:\Users\chang\dev\cs2103-website\schedule\week9\index as some of its dependencies were changed since the last visit
2025-03-22T07:56:13.440Z - info: Site data built
2025-03-22T07:56:13.442Z - info: Lazy website regeneration complete! Total build time: 2.696s
2025-03-22T07:56:16.414Z - info: Building C:\Users\chang\dev\cs2103-website\schedule\week9\topics as some of its dependencies were changed since the last visit
2025-03-22T07:56:22.722Z - debug:  
2025-03-22T07:56:23.145Z - debug:  
2025-03-22T07:56:23.874Z - info: Site data built
2025-03-22T07:56:23.877Z - info: Lazy website regeneration complete! Total build time: 7.462s
2025-03-22T08:05:49.393Z - info: [4:05:49 pm] Reload for file add: C:\Users\chang\dev\cs2103-website\notes.txt
2025-03-22T08:05:49.394Z - info: Synchronizing opened pages list before reload
2025-03-22T08:05:49.395Z - info: Current opened pages, from most-to-least recent:
2025-03-22T08:05:49.396Z - info: 1. schedule/week9/topics
2025-03-22T08:05:51.052Z - info: Assets built
2025-03-22T08:08:38.008Z - info: [4:08:38 pm] Reload for file add: C:\Users\chang\dev\cs2103-website\notes2.txt
2025-03-22T08:08:38.008Z - info: Synchronizing opened pages list before reload
2025-03-22T08:08:38.009Z - info: Current opened pages, from most-to-least recent:
2025-03-22T08:08:38.010Z - info: 1. schedule/week9/topics
2025-03-22T08:08:39.479Z - info: Assets built
2025-03-22T08:09:00.939Z - info: [4:09:00 pm] Reload for file change: C:\Users\chang\dev\cs2103-website\notes2.txt
2025-03-22T08:09:00.940Z - info: Synchronizing opened pages list before reload
2025-03-22T08:09:00.941Z - info: Current opened pages, from most-to-least recent:
2025-03-22T08:09:00.941Z - info: 1. schedule/week9/topics
2025-03-22T08:09:01.974Z - info: Assets built
2025-03-22T08:09:23.927Z - info: [4:09:23 pm] Reload for file change: C:\Users\chang\dev\cs2103-website\notes2.txt
2025-03-22T08:09:23.928Z - info: Synchronizing opened pages list before reload
2025-03-22T08:09:23.929Z - info: Current opened pages, from most-to-least recent:
2025-03-22T08:09:23.930Z - info: 1. schedule/week9/topics
2025-03-22T08:09:24.955Z - info: Assets built
2025-03-22T08:16:53.071Z - info: [4:16:53 pm] Reload for file change: C:\Users\chang\dev\cs2103-website\book\modeling\modelingASolution\basic\text.md
2025-03-22T08:16:53.072Z - info: Synchronizing opened pages list before reload
2025-03-22T08:16:53.073Z - info: Current opened pages, from most-to-least recent:
2025-03-22T08:16:53.073Z - info: 1. schedule/week9/topics
2025-03-22T08:16:54.093Z - info: Rebuilding 1 pages
2025-03-22T08:16:56.369Z - info: Site data built
2025-03-22T08:16:56.370Z - info: Pages rebuilt
2025-03-22T08:16:56.370Z - info: Website regeneration complete! Total build time: 2.281s
