2025-03-17T04:51:31.451Z - info: Changes detected in MarkBind Vue Source Files:
Bundle is regenerated by webpack and built pages are re-rendered with the latest bundle.
2025-03-17T04:51:32.032Z - info: Website generation (lazy) started at 12:51:31 pm
2025-03-17T04:51:34.187Z - info: Building assets...
2025-03-17T04:51:36.306Z - info: Assets built
2025-03-17T04:51:36.307Z - info: Generating landing page...
2025-03-17T04:51:38.126Z - info: Landing page built, other pages will be built as you navigate to them!
2025-03-17T04:51:42.072Z - info: Site data built
2025-03-17T04:51:42.073Z - info: Website generation (lazy) complete! Total build time: 10.225s
2025-03-17T04:51:42.130Z - info: Serving "C:\Users\chang\dev\cs2103-website\_site" at http://127.0.0.1:8080
2025-03-17T04:51:42.131Z - info: Press CTRL+C to stop ...
2025-03-17T04:52:44.487Z - info: Building C:\Users\chang\dev\cs2103-website\schedule\week9\index as some of its dependencies were changed since the last visit
2025-03-17T04:52:48.144Z - info: Site data built
2025-03-17T04:52:48.145Z - info: Lazy website regeneration complete! Total build time: 3.661s
2025-03-17T04:52:57.550Z - info: Building C:\Users\chang\dev\cs2103-website\schedule\week9\topics as some of its dependencies were changed since the last visit
2025-03-17T04:53:02.171Z - debug:  
2025-03-17T04:53:04.792Z - debug:  
2025-03-17T04:53:05.305Z - info: Site data built
2025-03-17T04:53:05.306Z - info: Lazy website regeneration complete! Total build time: 7.756s
2025-03-17T05:21:55.107Z - info: [1:21:55 pm] Reload for file change: C:\Users\chang\dev\cs2103-website\common\macros.njk
2025-03-17T05:21:55.108Z - info: Synchronizing opened pages list before reload
2025-03-17T05:21:55.110Z - info: Current opened pages, from most-to-least recent:
2025-03-17T05:21:55.110Z - info: 1. schedule/week9/topics
2025-03-17T05:21:55.112Z - info: [1:21:55 pm] Reload for file change: C:\Users\chang\dev\cs2103-website\_markbind\variables.md
2025-03-17T05:21:55.112Z - info: Synchronizing opened pages list before reload
2025-03-17T05:21:55.112Z - info: Current opened pages, from most-to-least recent:
2025-03-17T05:21:55.113Z - info: 1. schedule/week9/topics
2025-03-17T05:21:55.113Z - info: [1:21:55 pm] Reload for file change: C:\Users\chang\dev\cs2103-website\se-book-adapted\print.md
2025-03-17T05:21:55.113Z - info: Synchronizing opened pages list before reload
2025-03-17T05:21:55.114Z - info: Current opened pages, from most-to-least recent:
2025-03-17T05:21:55.114Z - info: 1. schedule/week9/topics
2025-03-17T05:21:55.114Z - info: [1:21:55 pm] Reload for file change: C:\Users\chang\dev\cs2103-website\programming\monty\monty-fragment.md
2025-03-17T05:21:55.115Z - info: Synchronizing opened pages list before reload
2025-03-17T05:21:55.115Z - info: Current opened pages, from most-to-least recent:
2025-03-17T05:21:55.115Z - info: 1. schedule/week9/topics
2025-03-17T05:21:55.117Z - info: [1:21:55 pm] Reload for file change: C:\Users\chang\dev\cs2103-website\book\_markbind\variables.md
2025-03-17T05:21:55.117Z - info: Synchronizing opened pages list before reload
2025-03-17T05:21:55.117Z - info: Current opened pages, from most-to-least recent:
2025-03-17T05:21:55.117Z - info: 1. schedule/week9/topics
2025-03-17T05:21:55.118Z - info: [1:21:55 pm] Reload for file change: C:\Users\chang\dev\cs2103-website\book\projectDuke\text.md
2025-03-17T05:21:55.118Z - info: Synchronizing opened pages list before reload
2025-03-17T05:21:55.118Z - info: Current opened pages, from most-to-least recent:
2025-03-17T05:21:55.119Z - info: 1. schedule/week9/topics
2025-03-17T05:21:55.119Z - info: [1:21:55 pm] Reload for file change: C:\Users\chang\dev\cs2103-website\book\about\usage.md
2025-03-17T05:21:55.119Z - info: Synchronizing opened pages list before reload
2025-03-17T05:21:55.120Z - info: Current opened pages, from most-to-least recent:
2025-03-17T05:21:55.120Z - info: 1. schedule/week9/topics
2025-03-17T05:21:55.121Z - info: [1:21:55 pm] Reload for file change: C:\Users\chang\dev\cs2103-website\admin\tp-grading.md
2025-03-17T05:21:55.121Z - info: Synchronizing opened pages list before reload
2025-03-17T05:21:55.121Z - info: Current opened pages, from most-to-least recent:
2025-03-17T05:21:55.122Z - info: 1. schedule/week9/topics
2025-03-17T05:21:55.124Z - info: [1:21:55 pm] Reload for file change: C:\Users\chang\dev\cs2103-website\common\topics.njk
2025-03-17T05:21:55.124Z - info: Synchronizing opened pages list before reload
2025-03-17T05:21:55.125Z - info: Current opened pages, from most-to-least recent:
2025-03-17T05:21:55.125Z - info: 1. schedule/week9/topics
2025-03-17T05:21:55.126Z - info: [1:21:55 pm] Reload for file change: C:\Users\chang\dev\cs2103-website\se-book-adapted\index.md
2025-03-17T05:21:55.126Z - info: Synchronizing opened pages list before reload
2025-03-17T05:21:55.126Z - info: Current opened pages, from most-to-least recent:
2025-03-17T05:21:55.126Z - info: 1. schedule/week9/topics
2025-03-17T05:21:55.151Z - info: [1:21:55 pm] Reload for file change: C:\Users\chang\dev\cs2103-website\admin\tp-tasks-fragment.md
2025-03-17T05:21:55.152Z - info: Synchronizing opened pages list before reload
2025-03-17T05:21:55.152Z - info: Current opened pages, from most-to-least recent:
2025-03-17T05:21:55.153Z - info: 1. schedule/week9/topics
2025-03-17T05:21:55.153Z - info: [1:21:55 pm] Reload for file change: C:\Users\chang\dev\cs2103-website\admin\courseOverview.md
2025-03-17T05:21:55.154Z - info: Synchronizing opened pages list before reload
2025-03-17T05:21:55.154Z - info: Current opened pages, from most-to-least recent:
2025-03-17T05:21:55.154Z - info: 1. schedule/week9/topics
2025-03-17T05:21:55.155Z - info: [1:21:55 pm] Reload for file change: C:\Users\chang\dev\cs2103-website\admin\participation.md
2025-03-17T05:21:55.155Z - info: Synchronizing opened pages list before reload
2025-03-17T05:21:55.155Z - info: Current opened pages, from most-to-least recent:
2025-03-17T05:21:55.156Z - info: 1. schedule/week9/topics
2025-03-17T05:21:55.156Z - info: [1:21:55 pm] Reload for file change: C:\Users\chang\dev\cs2103-website\admin\common-commentary-fragment.md
2025-03-17T05:21:55.163Z - info: Synchronizing opened pages list before reload
2025-03-17T05:21:55.163Z - info: Current opened pages, from most-to-least recent:
2025-03-17T05:21:55.164Z - info: 1. schedule/week9/topics
2025-03-17T05:21:56.761Z - info: Assets built
2025-03-17T05:21:57.075Z - warn: Rebuilding all pages as variables file was changed, or the --force-reload flag was set
2025-03-17T05:21:57.084Z - info: Rebuilding 1 pages
2025-03-17T05:22:02.533Z - info: Site data built
2025-03-17T05:22:02.534Z - info: Pages rebuilt
2025-03-17T05:22:02.535Z - info: Website regeneration complete! Total build time: 5.685s
2025-03-17T05:22:08.797Z - info: [1:22:08 pm] Reload for file change: C:\Users\chang\dev\cs2103-website\common\macros.njk
2025-03-17T05:22:08.798Z - info: Synchronizing opened pages list before reload
2025-03-17T05:22:08.798Z - info: Current opened pages, from most-to-least recent:
2025-03-17T05:22:08.798Z - info: 1. schedule/week9/topics
2025-03-17T05:22:08.811Z - info: [1:22:08 pm] Reload for file change: C:\Users\chang\dev\cs2103-website\_markbind\variables.md
2025-03-17T05:22:08.811Z - info: Synchronizing opened pages list before reload
2025-03-17T05:22:08.811Z - info: Current opened pages, from most-to-least recent:
2025-03-17T05:22:08.812Z - info: 1. schedule/week9/topics
2025-03-17T05:22:08.813Z - info: [1:22:08 pm] Reload for file change: C:\Users\chang\dev\cs2103-website\se-book-adapted\index.md
2025-03-17T05:22:08.813Z - info: Synchronizing opened pages list before reload
2025-03-17T05:22:08.813Z - info: Current opened pages, from most-to-least recent:
2025-03-17T05:22:08.814Z - info: 1. schedule/week9/topics
2025-03-17T05:22:08.814Z - info: [1:22:08 pm] Reload for file change: C:\Users\chang\dev\cs2103-website\book\_markbind\variables.md
2025-03-17T05:22:08.815Z - info: Synchronizing opened pages list before reload
2025-03-17T05:22:08.815Z - info: Current opened pages, from most-to-least recent:
2025-03-17T05:22:08.815Z - info: 1. schedule/week9/topics
2025-03-17T05:22:08.816Z - info: [1:22:08 pm] Reload for file change: C:\Users\chang\dev\cs2103-website\book\about\usage.md
2025-03-17T05:22:08.816Z - info: Synchronizing opened pages list before reload
2025-03-17T05:22:08.816Z - info: Current opened pages, from most-to-least recent:
2025-03-17T05:22:08.817Z - info: 1. schedule/week9/topics
2025-03-17T05:22:08.817Z - info: [1:22:08 pm] Reload for file change: C:\Users\chang\dev\cs2103-website\book\projectDuke\text.md
2025-03-17T05:22:08.818Z - info: Synchronizing opened pages list before reload
2025-03-17T05:22:08.818Z - info: Current opened pages, from most-to-least recent:
2025-03-17T05:22:08.818Z - info: 1. schedule/week9/topics
2025-03-17T05:22:08.820Z - info: [1:22:08 pm] Reload for file change: C:\Users\chang\dev\cs2103-website\programming\monty\monty-fragment.md
2025-03-17T05:22:08.820Z - info: Synchronizing opened pages list before reload
2025-03-17T05:22:08.820Z - info: Current opened pages, from most-to-least recent:
2025-03-17T05:22:08.820Z - info: 1. schedule/week9/topics
2025-03-17T05:22:08.821Z - info: [1:22:08 pm] Reload for file change: C:\Users\chang\dev\cs2103-website\admin\courseOverview.md
2025-03-17T05:22:08.821Z - info: Synchronizing opened pages list before reload
2025-03-17T05:22:08.822Z - info: Current opened pages, from most-to-least recent:
2025-03-17T05:22:08.822Z - info: 1. schedule/week9/topics
2025-03-17T05:22:08.824Z - info: [1:22:08 pm] Reload for file change: C:\Users\chang\dev\cs2103-website\common\topics.njk
2025-03-17T05:22:08.825Z - info: Synchronizing opened pages list before reload
2025-03-17T05:22:08.825Z - info: Current opened pages, from most-to-least recent:
2025-03-17T05:22:08.825Z - info: 1. schedule/week9/topics
2025-03-17T05:22:08.848Z - info: [1:22:08 pm] Reload for file change: C:\Users\chang\dev\cs2103-website\se-book-adapted\print.md
2025-03-17T05:22:08.848Z - info: Synchronizing opened pages list before reload
2025-03-17T05:22:08.849Z - info: Current opened pages, from most-to-least recent:
2025-03-17T05:22:08.849Z - info: 1. schedule/week9/topics
2025-03-17T05:22:08.849Z - info: [1:22:08 pm] Reload for file change: C:\Users\chang\dev\cs2103-website\admin\participation.md
2025-03-17T05:22:08.849Z - info: Synchronizing opened pages list before reload
2025-03-17T05:22:08.850Z - info: Current opened pages, from most-to-least recent:
2025-03-17T05:22:08.850Z - info: 1. schedule/week9/topics
2025-03-17T05:22:08.851Z - info: [1:22:08 pm] Reload for file change: C:\Users\chang\dev\cs2103-website\admin\tp-grading.md
2025-03-17T05:22:08.851Z - info: Synchronizing opened pages list before reload
2025-03-17T05:22:08.851Z - info: Current opened pages, from most-to-least recent:
2025-03-17T05:22:08.852Z - info: 1. schedule/week9/topics
2025-03-17T05:22:08.852Z - info: [1:22:08 pm] Reload for file change: C:\Users\chang\dev\cs2103-website\admin\tp-tasks-fragment.md
2025-03-17T05:22:08.853Z - info: Synchronizing opened pages list before reload
2025-03-17T05:22:08.853Z - info: Current opened pages, from most-to-least recent:
2025-03-17T05:22:08.854Z - info: 1. schedule/week9/topics
2025-03-17T05:22:08.854Z - info: [1:22:08 pm] Reload for file change: C:\Users\chang\dev\cs2103-website\admin\common-commentary-fragment.md
2025-03-17T05:22:08.854Z - info: Synchronizing opened pages list before reload
2025-03-17T05:22:08.854Z - info: Current opened pages, from most-to-least recent:
2025-03-17T05:22:08.855Z - info: 1. schedule/week9/topics
2025-03-17T05:22:10.298Z - warn: Rebuilding all pages as variables file was changed, or the --force-reload flag was set
2025-03-17T05:22:10.304Z - info: Rebuilding 1 pages
2025-03-17T05:22:12.545Z - info: Assets built
2025-03-17T05:22:15.236Z - info: Site data built
2025-03-17T05:22:15.237Z - info: Pages rebuilt
2025-03-17T05:22:15.238Z - info: Website regeneration complete! Total build time: 5.075s
2025-03-17T10:43:42.788Z - info: Changes detected in MarkBind Vue Source Files:
Bundle is regenerated by webpack and built pages are re-rendered with the latest bundle.
2025-03-17T10:43:43.610Z - info: Website generation (lazy) started at 6:43:42 pm
2025-03-17T10:43:45.336Z - info: Building assets...
2025-03-17T10:43:46.456Z - info: Assets built
2025-03-17T10:43:46.458Z - info: Generating landing page...
2025-03-17T10:43:48.400Z - info: Landing page built, other pages will be built as you navigate to them!
2025-03-17T10:43:51.896Z - info: Site data built
2025-03-17T10:43:51.896Z - info: Website generation (lazy) complete! Total build time: 9.017s
2025-03-17T10:43:51.953Z - info: Serving "C:\Users\chang\dev\cs2103-website\_site" at http://127.0.0.1:8080
2025-03-17T10:43:51.954Z - info: Press CTRL+C to stop ...
2025-03-17T10:43:59.809Z - info: Building C:\Users\chang\dev\cs2103-website\schedule\week9\index as some of its dependencies were changed since the last visit
2025-03-17T10:44:02.810Z - info: Site data built
2025-03-17T10:44:02.812Z - info: Lazy website regeneration complete! Total build time: 3.003s
2025-03-17T10:44:10.186Z - info: Building C:\Users\chang\dev\cs2103-website\schedule\week9\topics as some of its dependencies were changed since the last visit
2025-03-17T10:44:17.800Z - debug:  
2025-03-17T10:44:18.378Z - debug:  
2025-03-17T10:44:18.914Z - info: Site data built
2025-03-17T10:44:18.915Z - info: Lazy website regeneration complete! Total build time: 8.73s
2025-03-17T13:57:46.424Z - info: Website generation started at 9:57:46 pm
2025-03-17T13:57:47.758Z - info: Building assets...
2025-03-17T13:57:48.725Z - info: Assets built
2025-03-17T13:57:48.726Z - info: Generating pages...
2025-03-17T13:58:18.611Z - debug:  
2025-03-17T13:58:18.613Z - debug:  
2025-03-17T13:58:18.613Z - debug:  
2025-03-17T13:58:18.614Z - debug:  
2025-03-17T13:58:18.614Z - debug:  
2025-03-17T13:58:18.615Z - debug:  
2025-03-17T13:58:18.615Z - debug:  
2025-03-17T13:58:18.615Z - debug:  
2025-03-17T13:58:18.615Z - debug:  
2025-03-17T13:58:18.616Z - debug:  
2025-03-17T13:58:18.616Z - debug:  
2025-03-17T13:58:18.616Z - debug:  
2025-03-17T13:58:18.617Z - debug:  
2025-03-17T13:58:18.617Z - debug:  
2025-03-17T13:58:18.617Z - debug:  
2025-03-17T13:58:26.722Z - debug:  
2025-03-17T13:58:26.722Z - debug:  
2025-03-17T13:59:35.378Z - debug:  
2025-03-17T14:04:34.886Z - debug:  
2025-03-17T14:05:32.775Z - debug:  
2025-03-17T14:05:32.981Z - debug:  
2025-03-17T14:06:13.070Z - info: Pages built
2025-03-17T14:06:13.648Z - info: Site data built
2025-03-17T14:06:13.649Z - info: Website generation complete! Total build time: 507.613s
2025-03-17T14:06:13.650Z - info: Build success!
2025-03-17T14:21:18.329Z - error: remote: Permission to nus-cs2103-AY2223S1/website.git denied to gerteck.
fatal: unable to access 'https://github.com/nus-cs2103-AY2223S1/website.git/': The requested URL returned error: 403

2025-03-17T14:24:47.170Z - info: Website generation started at 10:24:46 pm
2025-03-17T14:24:49.227Z - warn: ENOENT: no such file or directory, open 'C:\Users\chang\dev\cs2103-website\node_modules\.cache\gh-pages\https!github.com!nus-cs2103-AY2223S1!website.git\book\_markbind\variables.md'
2025-03-17T14:24:49.229Z - warn: ENOENT: no such file or directory, open 'C:\Users\chang\dev\cs2103-website\node_modules\.cache\gh-pages\https!github.com!nus-cs2103-AY2223S1!website.git\_markbind\variables.md'
2025-03-17T14:24:49.369Z - info: Building assets...
2025-03-17T14:25:10.788Z - info: Assets built
2025-03-17T14:25:10.790Z - info: Generating pages...
2025-03-17T14:25:59.093Z - debug:  
2025-03-17T14:25:59.095Z - debug:  
2025-03-17T14:25:59.096Z - debug:  
2025-03-17T14:25:59.097Z - debug:  
2025-03-17T14:25:59.097Z - debug:  
2025-03-17T14:25:59.098Z - debug:  
2025-03-17T14:25:59.099Z - debug:  
2025-03-17T14:25:59.101Z - debug:  
2025-03-17T14:25:59.102Z - debug:  
2025-03-17T14:25:59.102Z - debug:  
2025-03-17T14:25:59.104Z - debug:  
2025-03-17T14:25:59.105Z - debug:  
2025-03-17T14:25:59.105Z - debug:  
2025-03-17T14:25:59.106Z - debug:  
2025-03-17T14:25:59.107Z - debug:  
2025-03-17T14:26:07.346Z - debug:  
2025-03-17T14:26:07.346Z - debug:  
2025-03-17T14:27:30.781Z - debug:  
2025-03-17T14:33:02.450Z - debug:  
2025-03-17T14:34:01.797Z - debug:  
2025-03-17T14:34:01.878Z - debug:  
2025-03-17T14:34:45.178Z - info: Pages built
2025-03-17T14:34:45.725Z - info: Site data built
2025-03-17T14:34:45.727Z - info: Website generation complete! Total build time: 599.364s
2025-03-17T14:34:45.728Z - info: Build success!
2025-03-17T14:35:57.438Z - info: The website has been deployed at: https://gerteck.github.io/cs2103-website
2025-03-17T14:44:53.044Z - info: Changes detected in MarkBind Vue Source Files:
Bundle is regenerated by webpack and built pages are re-rendered with the latest bundle.
2025-03-17T14:44:59.688Z - info: Website generation (lazy) started at 10:44:53 pm
2025-03-17T14:45:03.034Z - warn: ENOENT: no such file or directory, open 'C:\Users\chang\dev\cs2103-website\node_modules\.cache\gh-pages\https!github.com!gerteck!cs2103-website.git\book\_markbind\variables.md'
2025-03-17T14:45:03.037Z - warn: ENOENT: no such file or directory, open 'C:\Users\chang\dev\cs2103-website\node_modules\.cache\gh-pages\https!github.com!gerteck!cs2103-website.git\_markbind\variables.md'
2025-03-17T14:45:03.295Z - info: Building assets...
2025-03-17T14:45:39.130Z - info: Assets built
2025-03-17T14:45:39.145Z - info: Generating landing page...
2025-03-17T14:45:41.140Z - info: Landing page built, other pages will be built as you navigate to them!
2025-03-17T14:45:46.285Z - info: Site data built
2025-03-17T14:45:46.287Z - info: Website generation (lazy) complete! Total build time: 52.805s
2025-03-17T14:45:46.363Z - info: Serving "C:\Users\chang\dev\cs2103-website\_site" at http://127.0.0.1:8080
2025-03-17T14:45:46.364Z - info: Press CTRL+C to stop ...
2025-03-17T14:45:56.177Z - info: Building C:\Users\chang\dev\cs2103-website\schedule\week9\index as some of its dependencies were changed since the last visit
2025-03-17T14:45:58.204Z - info: Site data built
2025-03-17T14:45:58.205Z - info: Lazy website regeneration complete! Total build time: 2.03s
2025-03-17T14:46:05.101Z - info: Building C:\Users\chang\dev\cs2103-website\schedule\week9\topics as some of its dependencies were changed since the last visit
2025-03-17T14:46:10.545Z - debug:  
2025-03-17T14:46:12.261Z - debug:  
2025-03-17T14:46:12.802Z - info: Site data built
2025-03-17T14:46:12.803Z - info: Lazy website regeneration complete! Total build time: 7.704s
2025-03-17T14:50:13.997Z - info: [10:50:13 pm] Reload for file change: C:\Users\chang\dev\cs2103-website\site.json
2025-03-17T14:50:13.999Z - info: Synchronizing opened pages list before reload
2025-03-17T14:50:14.001Z - info: Current opened pages, from most-to-least recent:
2025-03-17T14:50:14.002Z - info: 1. schedule/week9/topics
2025-03-17T14:50:17.303Z - info: No pages needed to be rebuilt
2025-03-17T14:50:33.825Z - info: Changes detected in MarkBind Vue Source Files:
Bundle is regenerated by webpack and built pages are re-rendered with the latest bundle.
2025-03-17T14:50:39.531Z - info: Changes detected in MarkBind Vue Source Files:
Bundle is regenerated by webpack and built pages are re-rendered with the latest bundle.
2025-03-17T15:01:54.647Z - info: Website generation started at 11:01:49 pm
2025-03-17T15:01:57.674Z - warn: ENOENT: no such file or directory, open 'C:\Users\chang\dev\cs2103-website\node_modules\.cache\gh-pages\https!github.com!gerteck!cs2103-website.git\book\_markbind\variables.md'
2025-03-17T15:01:57.677Z - warn: ENOENT: no such file or directory, open 'C:\Users\chang\dev\cs2103-website\node_modules\.cache\gh-pages\https!github.com!gerteck!cs2103-website.git\_markbind\variables.md'
2025-03-17T15:01:57.912Z - info: Building assets...
