2025-04-07T04:52:30.474Z - info: Website generation started at 12:52:26 pm
2025-04-07T04:52:32.848Z - warn: ENOENT: no such file or directory, open 'C:\Users\chang\dev\cs2103-website\node_modules\.cache\gh-pages\https!github.com!gerteck!cs2103-website.git\book\_markbind\variables.md'
2025-04-07T04:52:32.849Z - warn: ENOENT: no such file or directory, open 'C:\Users\chang\dev\cs2103-website\node_modules\.cache\gh-pages\https!github.com!gerteck!cs2103-website.git\_markbind\variables.md'
2025-04-07T04:52:32.973Z - info: Building assets...
2025-04-07T04:52:39.389Z - info: Assets built
2025-04-07T04:52:39.391Z - info: Generating pages...
2025-04-07T04:53:08.516Z - debug:  
2025-04-07T04:53:08.518Z - debug:  
2025-04-07T04:53:08.519Z - debug:  
2025-04-07T04:53:08.519Z - debug:  
2025-04-07T04:53:08.520Z - debug:  
2025-04-07T04:53:08.520Z - debug:  
2025-04-07T04:53:08.520Z - debug:  
2025-04-07T04:53:08.521Z - debug:  
2025-04-07T04:53:08.521Z - debug:  
2025-04-07T04:53:08.521Z - debug:  
2025-04-07T04:53:08.522Z - debug:  
2025-04-07T04:53:08.523Z - debug:  
2025-04-07T04:53:08.523Z - debug:  
2025-04-07T04:53:08.523Z - debug:  
2025-04-07T04:53:08.523Z - debug:  
2025-04-07T04:53:16.085Z - debug:  
2025-04-07T04:53:16.085Z - debug:  
2025-04-07T04:54:33.811Z - debug:  
2025-04-07T04:57:24.118Z - debug:  
2025-04-07T04:57:48.754Z - debug:  
2025-04-07T04:57:48.897Z - debug:  
2025-04-07T04:58:09.203Z - info: Pages built
2025-04-07T04:58:09.575Z - info: Site data built
2025-04-07T04:58:09.575Z - info: Website generation complete! Total build time: 342.676s
2025-04-07T04:58:09.637Z - info: Serving "C:\Users\chang\dev\cs2103-website\_site" at http://127.0.0.1:8080
2025-04-07T04:58:09.637Z - info: Press CTRL+C to stop ...
2025-04-07T05:07:15.582Z - info: [1:07:15 pm] Reload for file change: C:\Users\chang\dev\cs2103-website\book\gitAndGithub\commit\text.md
2025-04-07T05:07:16.603Z - info: Rebuilding 13 pages
2025-04-07T05:07:47.559Z - info: Site data built
2025-04-07T05:07:47.564Z - info: Pages rebuilt
2025-04-07T05:07:47.565Z - info: Website regeneration complete! Total build time: 30.967s
2025-04-07T05:18:41.989Z - info: Changes detected in MarkBind Vue Source Files:
Bundle is regenerated by webpack and built pages are re-rendered with the latest bundle.
2025-04-07T05:18:44.407Z - info: Website generation (lazy) started at 1:18:42 pm
2025-04-07T05:18:45.728Z - warn: ENOENT: no such file or directory, open 'C:\Users\chang\dev\cs2103-website\node_modules\.cache\gh-pages\https!github.com!gerteck!cs2103-website.git\book\_markbind\variables.md'
2025-04-07T05:18:45.729Z - warn: ENOENT: no such file or directory, open 'C:\Users\chang\dev\cs2103-website\node_modules\.cache\gh-pages\https!github.com!gerteck!cs2103-website.git\_markbind\variables.md'
2025-04-07T05:18:45.806Z - info: Building assets...
2025-04-07T05:18:52.389Z - info: Assets built
2025-04-07T05:18:52.390Z - info: Generating landing page...
2025-04-07T05:18:53.832Z - info: Landing page built, other pages will be built as you navigate to them!
2025-04-07T05:18:56.576Z - info: Site data built
2025-04-07T05:18:56.577Z - info: Website generation (lazy) complete! Total build time: 14.265s
2025-04-07T05:18:56.630Z - info: Serving "C:\Users\chang\dev\cs2103-website\_site" at http://127.0.0.1:8080
2025-04-07T05:18:56.631Z - info: Press CTRL+C to stop ...
2025-04-07T05:19:27.445Z - info: Building C:\Users\chang\dev\cs2103-website\schedule\week8\admin as some of its dependencies were changed since the last visit
2025-04-07T05:19:28.997Z - info: Site data built
2025-04-07T05:19:28.998Z - info: Lazy website regeneration complete! Total build time: 1.553s
2025-04-07T05:19:40.929Z - info: Building C:\Users\chang\dev\cs2103-website\schedule\week2\project as some of its dependencies were changed since the last visit
2025-04-07T05:19:46.401Z - info: Site data built
2025-04-07T05:19:46.402Z - info: Lazy website regeneration complete! Total build time: 5.473s
2025-04-07T05:22:38.265Z - info: [1:22:38 pm] Reload for file change: C:\Users\chang\dev\cs2103-website\book\gitAndGithub\commit\text.md
2025-04-07T05:22:38.266Z - info: Synchronizing opened pages list before reload
2025-04-07T05:22:38.267Z - info: Current opened pages, from most-to-least recent:
2025-04-07T05:22:38.268Z - info: 1. schedule/week2/project
2025-04-07T05:22:39.281Z - info: Rebuilding 1 pages
2025-04-07T05:22:41.548Z - info: Site data built
2025-04-07T05:22:41.549Z - info: Pages rebuilt
2025-04-07T05:22:41.549Z - info: Website regeneration complete! Total build time: 2.27s
2025-04-07T05:23:22.198Z - info: [1:23:22 pm] Reload for file change: C:\Users\chang\dev\cs2103-website\book\gitAndGithub\commit\text.md
2025-04-07T05:23:22.199Z - info: Synchronizing opened pages list before reload
2025-04-07T05:23:22.200Z - info: Current opened pages, from most-to-least recent:
2025-04-07T05:23:22.201Z - info: 1. schedule/week2/project
2025-04-07T05:23:23.218Z - info: Rebuilding 1 pages
2025-04-07T05:23:25.450Z - info: Site data built
2025-04-07T05:23:25.451Z - info: Pages rebuilt
2025-04-07T05:23:25.451Z - info: Website regeneration complete! Total build time: 2.237s
2025-04-07T05:24:54.256Z - info: [1:24:54 pm] Reload for file change: C:\Users\chang\dev\cs2103-website\book\common\macros.njk
2025-04-07T05:24:54.257Z - info: Synchronizing opened pages list before reload
2025-04-07T05:24:54.258Z - info: Current opened pages, from most-to-least recent:
2025-04-07T05:24:54.258Z - info: 1. schedule/week2/project
2025-04-07T05:24:55.272Z - info: Rebuilding 1 pages
2025-04-07T05:24:57.380Z - info: Site data built
2025-04-07T05:24:57.380Z - info: Pages rebuilt
2025-04-07T05:24:57.381Z - info: Website regeneration complete! Total build time: 2.111s
2025-04-07T05:27:42.059Z - info: [1:27:42 pm] Reload for file change: C:\Users\chang\dev\cs2103-website\book\gitAndGithub\commit\text.md
2025-04-07T05:27:42.060Z - info: Synchronizing opened pages list before reload
2025-04-07T05:27:42.060Z - info: Current opened pages, from most-to-least recent:
2025-04-07T05:27:42.061Z - info: 1. schedule/week2/project
2025-04-07T05:27:43.077Z - info: Rebuilding 1 pages
2025-04-07T05:27:46.359Z - info: Site data built
2025-04-07T05:27:46.360Z - info: Pages rebuilt
2025-04-07T05:27:46.361Z - info: Website regeneration complete! Total build time: 3.287s
2025-04-07T05:28:49.459Z - info: [1:28:49 pm] Reload for file change: C:\Users\chang\dev\cs2103-website\book\gitAndGithub\commit\text.md
2025-04-07T05:28:49.460Z - info: Synchronizing opened pages list before reload
2025-04-07T05:28:49.461Z - info: Current opened pages, from most-to-least recent:
2025-04-07T05:28:49.462Z - info: 1. schedule/week2/project
2025-04-07T05:28:50.480Z - info: Rebuilding 1 pages
2025-04-07T05:28:52.548Z - info: Site data built
2025-04-07T05:28:52.548Z - info: Pages rebuilt
2025-04-07T05:28:52.548Z - info: Website regeneration complete! Total build time: 2.07s
2025-04-07T05:29:40.530Z - info: [1:29:40 pm] Reload for file change: C:\Users\chang\dev\cs2103-website\book\gitAndGithub\commit\sourcetree_1.md
2025-04-07T05:29:40.531Z - info: Synchronizing opened pages list before reload
2025-04-07T05:29:40.533Z - info: Current opened pages, from most-to-least recent:
2025-04-07T05:29:40.535Z - info: 1. schedule/week2/project
2025-04-07T05:29:41.547Z - info: Rebuilding 1 pages
2025-04-07T05:29:44.006Z - info: Site data built
2025-04-07T05:29:44.006Z - info: Pages rebuilt
2025-04-07T05:29:44.007Z - info: Website regeneration complete! Total build time: 2.462s
2025-04-07T05:30:11.498Z - info: [1:30:11 pm] Reload for file change: C:\Users\chang\dev\cs2103-website\book\gitAndGithub\commit\cli_1.md
2025-04-07T05:30:11.499Z - info: Synchronizing opened pages list before reload
2025-04-07T05:30:11.500Z - info: Current opened pages, from most-to-least recent:
2025-04-07T05:30:11.500Z - info: 1. schedule/week2/project
2025-04-07T05:30:12.512Z - info: Rebuilding 1 pages
2025-04-07T05:30:14.869Z - info: Site data built
2025-04-07T05:30:14.869Z - info: Pages rebuilt
2025-04-07T05:30:14.870Z - info: Website regeneration complete! Total build time: 2.359s
2025-04-07T05:30:33.666Z - info: [1:30:33 pm] Reload for file change: C:\Users\chang\dev\cs2103-website\book\gitAndGithub\commit\cli_1.md
2025-04-07T05:30:33.667Z - info: Synchronizing opened pages list before reload
2025-04-07T05:30:33.668Z - info: Current opened pages, from most-to-least recent:
2025-04-07T05:30:33.669Z - info: 1. schedule/week2/project
2025-04-07T05:30:34.673Z - info: Rebuilding 1 pages
2025-04-07T05:30:37.073Z - info: Site data built
2025-04-07T05:30:37.073Z - info: Pages rebuilt
2025-04-07T05:30:37.074Z - info: Website regeneration complete! Total build time: 2.402s
2025-04-07T05:30:41.752Z - info: [1:30:41 pm] Reload for file change: C:\Users\chang\dev\cs2103-website\book\gitAndGithub\commit\sourcetree_1.md
2025-04-07T05:30:41.752Z - info: Synchronizing opened pages list before reload
2025-04-07T05:30:41.753Z - info: Current opened pages, from most-to-least recent:
2025-04-07T05:30:41.753Z - info: 1. schedule/week2/project
2025-04-07T05:30:42.772Z - info: Rebuilding 1 pages
2025-04-07T05:30:44.866Z - info: Site data built
2025-04-07T05:30:44.867Z - info: Pages rebuilt
2025-04-07T05:30:44.867Z - info: Website regeneration complete! Total build time: 2.098s
2025-04-07T05:30:53.674Z - info: [1:30:53 pm] Reload for file change: C:\Users\chang\dev\cs2103-website\book\gitAndGithub\commit\text.md
2025-04-07T05:30:53.674Z - info: Synchronizing opened pages list before reload
2025-04-07T05:30:53.675Z - info: Current opened pages, from most-to-least recent:
2025-04-07T05:30:53.676Z - info: 1. schedule/week2/project
2025-04-07T05:30:54.687Z - info: Rebuilding 1 pages
2025-04-07T05:30:56.960Z - info: Site data built
2025-04-07T05:30:56.961Z - info: Pages rebuilt
2025-04-07T05:30:56.961Z - info: Website regeneration complete! Total build time: 2.275s
