2025-04-14T04:59:34.494Z - info: Website generation started at 12:59:31 pm
2025-04-14T04:59:36.669Z - warn: ENOENT: no such file or directory, open 'C:\Users\chang\dev\cs2103-website\node_modules\.cache\gh-pages\https!github.com!gerteck!cs2103-website.git\book\_markbind\variables.md'
2025-04-14T04:59:36.671Z - warn: ENOENT: no such file or directory, open 'C:\Users\chang\dev\cs2103-website\node_modules\.cache\gh-pages\https!github.com!gerteck!cs2103-website.git\_markbind\variables.md'
2025-04-14T04:59:36.767Z - info: Building assets...
2025-04-14T04:59:43.114Z - info: Assets built
2025-04-14T04:59:43.116Z - info: Generating pages...
2025-04-14T05:00:09.259Z - debug:  
2025-04-14T05:00:09.261Z - debug:  
2025-04-14T05:00:09.261Z - debug:  
2025-04-14T05:00:09.262Z - debug:  
2025-04-14T05:00:09.262Z - debug:  
2025-04-14T05:00:09.262Z - debug:  
2025-04-14T05:00:09.263Z - debug:  
2025-04-14T05:00:09.263Z - debug:  
2025-04-14T05:00:09.263Z - debug:  
2025-04-14T05:00:09.263Z - debug:  
2025-04-14T05:00:09.264Z - debug:  
2025-04-14T05:00:09.264Z - debug:  
2025-04-14T05:00:09.265Z - debug:  
2025-04-14T05:00:09.265Z - debug:  
2025-04-14T05:00:09.265Z - debug:  
2025-04-14T05:00:12.771Z - debug:  
2025-04-14T05:00:12.772Z - debug:  
2025-04-14T05:01:00.457Z - debug:  
2025-04-14T05:04:47.987Z - debug:  
2025-04-14T05:05:17.616Z - debug:  
2025-04-14T05:05:17.836Z - debug:  
2025-04-14T05:05:38.194Z - info: Pages built
2025-04-14T05:05:38.670Z - info: Site data built
2025-04-14T05:05:38.671Z - info: Website generation complete! Total build time: 367.088s
2025-04-14T05:05:38.671Z - info: Build success!
2025-04-14T05:06:36.379Z - info: The website has been deployed at: https://gerteck.github.io/cs2103-website
2025-04-14T05:26:53.782Z - info: Website generation started at 1:26:51 pm
2025-04-14T05:26:55.154Z - warn: ENOENT: no such file or directory, open 'C:\Users\chang\dev\cs2103-website\node_modules\.cache\gh-pages\https!github.com!gerteck!cs2103-website.git\book\_markbind\variables.md'
2025-04-14T05:26:55.155Z - warn: ENOENT: no such file or directory, open 'C:\Users\chang\dev\cs2103-website\node_modules\.cache\gh-pages\https!github.com!gerteck!cs2103-website.git\_markbind\variables.md'
2025-04-14T05:26:55.250Z - info: Building assets...
